{"level":30,"time":1652212917539,"pid":52,"hostname":"3d22d102d76d","method":"GET","url":"/","query":{},"body":null,"statusCode":200,"responseTime":"1ms"}
{"level":30,"time":1652213123688,"pid":65,"hostname":"3d22d102d76d","msg":"AppController {/}:"}
{"level":30,"time":1652213123691,"pid":65,"hostname":"3d22d102d76d","msg":"Mapped {/, GET} route"}
{"level":30,"time":1652213123691,"pid":65,"hostname":"3d22d102d76d","msg":"UsersController {/users}:"}
{"level":30,"time":1652213123692,"pid":65,"hostname":"3d22d102d76d","msg":"Mapped {/users, GET} route"}
{"level":30,"time":1652213123692,"pid":65,"hostname":"3d22d102d76d","msg":"Mapped {/users/:id, GET} route"}
{"level":30,"time":1652213123693,"pid":65,"hostname":"3d22d102d76d","msg":"Mapped {/users/:id, DELETE} route"}
{"level":30,"time":1652213123693,"pid":65,"hostname":"3d22d102d76d","msg":"Mapped {/users/:id, PUT} route"}
{"level":30,"time":1652213123693,"pid":65,"hostname":"3d22d102d76d","msg":"AuthController {/}:"}
{"level":30,"time":1652213123694,"pid":65,"hostname":"3d22d102d76d","msg":"Mapped {/signin, POST} route"}
{"level":30,"time":1652213123695,"pid":65,"hostname":"3d22d102d76d","msg":"Mapped {/signup, POST} route"}
{"level":30,"time":1652213123695,"pid":65,"hostname":"3d22d102d76d","msg":"BoardsController {/boards}:"}
{"level":30,"time":1652213123695,"pid":65,"hostname":"3d22d102d76d","msg":"Mapped {/boards, GET} route"}
{"level":30,"time":1652213123697,"pid":65,"hostname":"3d22d102d76d","msg":"Mapped {/boards/:id, GET} route"}
{"level":30,"time":1652213123697,"pid":65,"hostname":"3d22d102d76d","msg":"Mapped {/boards, POST} route"}
{"level":30,"time":1652213123698,"pid":65,"hostname":"3d22d102d76d","msg":"Mapped {/boards/:id, DELETE} route"}
{"level":30,"time":1652213123698,"pid":65,"hostname":"3d22d102d76d","msg":"Mapped {/boards/:id, PUT} route"}
{"level":30,"time":1652213123698,"pid":65,"hostname":"3d22d102d76d","msg":"ColumnsController {/boards/:boardId/columns}:"}
{"level":30,"time":1652213123698,"pid":65,"hostname":"3d22d102d76d","msg":"Mapped {/boards/:boardId/columns, GET} route"}
{"level":30,"time":1652213123699,"pid":65,"hostname":"3d22d102d76d","msg":"Mapped {/boards/:boardId/columns/:columnId, GET} route"}
{"level":30,"time":1652213123699,"pid":65,"hostname":"3d22d102d76d","msg":"Mapped {/boards/:boardId/columns, POST} route"}
{"level":30,"time":1652213123699,"pid":65,"hostname":"3d22d102d76d","msg":"Mapped {/boards/:boardId/columns/:columnId, DELETE} route"}
{"level":30,"time":1652213123700,"pid":65,"hostname":"3d22d102d76d","msg":"Mapped {/boards/:boardId/columns/:columnId, PUT} route"}
{"level":30,"time":1652213123700,"pid":65,"hostname":"3d22d102d76d","msg":"TasksController {/boards/:boardId/columns/:columnId/tasks}:"}
{"level":30,"time":1652213123700,"pid":65,"hostname":"3d22d102d76d","msg":"Mapped {/boards/:boardId/columns/:columnId/tasks, GET} route"}
{"level":30,"time":1652213123700,"pid":65,"hostname":"3d22d102d76d","msg":"Mapped {/boards/:boardId/columns/:columnId/tasks/:taskId, GET} route"}
{"level":30,"time":1652213123701,"pid":65,"hostname":"3d22d102d76d","msg":"Mapped {/boards/:boardId/columns/:columnId/tasks, POST} route"}
{"level":30,"time":1652213123701,"pid":65,"hostname":"3d22d102d76d","msg":"Mapped {/boards/:boardId/columns/:columnId/tasks/:taskId, DELETE} route"}
{"level":30,"time":1652213123701,"pid":65,"hostname":"3d22d102d76d","msg":"Mapped {/boards/:boardId/columns/:columnId/tasks/:taskId, PUT} route"}
{"level":30,"time":1652213123701,"pid":65,"hostname":"3d22d102d76d","msg":"FileController {/}:"}
{"level":30,"time":1652213123702,"pid":65,"hostname":"3d22d102d76d","msg":"Mapped {/file, POST} route"}
{"level":30,"time":1652213123702,"pid":65,"hostname":"3d22d102d76d","msg":"Mapped {/file/:taskid/:filename, GET} route"}
{"level":30,"time":1652213123704,"pid":65,"hostname":"3d22d102d76d","msg":"Nest application successfully started"}
{"level":30,"time":1652213131963,"pid":78,"hostname":"3d22d102d76d","msg":"AppController {/}:"}
{"level":30,"time":1652213131966,"pid":78,"hostname":"3d22d102d76d","msg":"Mapped {/, GET} route"}
{"level":30,"time":1652213131966,"pid":78,"hostname":"3d22d102d76d","msg":"UsersController {/users}:"}
{"level":30,"time":1652213131966,"pid":78,"hostname":"3d22d102d76d","msg":"Mapped {/users, GET} route"}
{"level":30,"time":1652213131967,"pid":78,"hostname":"3d22d102d76d","msg":"Mapped {/users/:id, GET} route"}
{"level":30,"time":1652213131967,"pid":78,"hostname":"3d22d102d76d","msg":"Mapped {/users/:id, DELETE} route"}
{"level":30,"time":1652213131968,"pid":78,"hostname":"3d22d102d76d","msg":"Mapped {/users/:id, PUT} route"}
{"level":30,"time":1652213131968,"pid":78,"hostname":"3d22d102d76d","msg":"AuthController {/}:"}
{"level":30,"time":1652213131969,"pid":78,"hostname":"3d22d102d76d","msg":"Mapped {/signin, POST} route"}
{"level":30,"time":1652213131969,"pid":78,"hostname":"3d22d102d76d","msg":"Mapped {/signup, POST} route"}
{"level":30,"time":1652213131969,"pid":78,"hostname":"3d22d102d76d","msg":"BoardsController {/boards}:"}
{"level":30,"time":1652213131970,"pid":78,"hostname":"3d22d102d76d","msg":"Mapped {/boards, GET} route"}
{"level":30,"time":1652213131971,"pid":78,"hostname":"3d22d102d76d","msg":"Mapped {/boards/:id, GET} route"}
{"level":30,"time":1652213131972,"pid":78,"hostname":"3d22d102d76d","msg":"Mapped {/boards, POST} route"}
{"level":30,"time":1652213131972,"pid":78,"hostname":"3d22d102d76d","msg":"Mapped {/boards/:id, DELETE} route"}
{"level":30,"time":1652213131972,"pid":78,"hostname":"3d22d102d76d","msg":"Mapped {/boards/:id, PUT} route"}
{"level":30,"time":1652213131972,"pid":78,"hostname":"3d22d102d76d","msg":"ColumnsController {/boards/:boardId/columns}:"}
{"level":30,"time":1652213131973,"pid":78,"hostname":"3d22d102d76d","msg":"Mapped {/boards/:boardId/columns, GET} route"}
{"level":30,"time":1652213131973,"pid":78,"hostname":"3d22d102d76d","msg":"Mapped {/boards/:boardId/columns/:columnId, GET} route"}
{"level":30,"time":1652213131974,"pid":78,"hostname":"3d22d102d76d","msg":"Mapped {/boards/:boardId/columns, POST} route"}
{"level":30,"time":1652213131974,"pid":78,"hostname":"3d22d102d76d","msg":"Mapped {/boards/:boardId/columns/:columnId, DELETE} route"}
{"level":30,"time":1652213131974,"pid":78,"hostname":"3d22d102d76d","msg":"Mapped {/boards/:boardId/columns/:columnId, PUT} route"}
{"level":30,"time":1652213131974,"pid":78,"hostname":"3d22d102d76d","msg":"TasksController {/boards/:boardId/columns/:columnId/tasks}:"}
{"level":30,"time":1652213131975,"pid":78,"hostname":"3d22d102d76d","msg":"Mapped {/boards/:boardId/columns/:columnId/tasks, GET} route"}
{"level":30,"time":1652213131975,"pid":78,"hostname":"3d22d102d76d","msg":"Mapped {/boards/:boardId/columns/:columnId/tasks/:taskId, GET} route"}
{"level":30,"time":1652213131975,"pid":78,"hostname":"3d22d102d76d","msg":"Mapped {/boards/:boardId/columns/:columnId/tasks, POST} route"}
{"level":30,"time":1652213131976,"pid":78,"hostname":"3d22d102d76d","msg":"Mapped {/boards/:boardId/columns/:columnId/tasks/:taskId, DELETE} route"}
{"level":30,"time":1652213131976,"pid":78,"hostname":"3d22d102d76d","msg":"Mapped {/boards/:boardId/columns/:columnId/tasks/:taskId, PUT} route"}
{"level":30,"time":1652213131976,"pid":78,"hostname":"3d22d102d76d","msg":"FileController {/}:"}
{"level":30,"time":1652213131976,"pid":78,"hostname":"3d22d102d76d","msg":"Mapped {/file, POST} route"}
{"level":30,"time":1652213131977,"pid":78,"hostname":"3d22d102d76d","msg":"Mapped {/file/:taskid/:filename, GET} route"}
{"level":30,"time":1652213131979,"pid":78,"hostname":"3d22d102d76d","msg":"Nest application successfully started"}
{"level":30,"time":1652213136725,"pid":91,"hostname":"3d22d102d76d","msg":"AppController {/}:"}
{"level":30,"time":1652213136728,"pid":91,"hostname":"3d22d102d76d","msg":"Mapped {/, GET} route"}
{"level":30,"time":1652213136728,"pid":91,"hostname":"3d22d102d76d","msg":"UsersController {/users}:"}
{"level":30,"time":1652213136728,"pid":91,"hostname":"3d22d102d76d","msg":"Mapped {/users, GET} route"}
{"level":30,"time":1652213136729,"pid":91,"hostname":"3d22d102d76d","msg":"Mapped {/users/:id, GET} route"}
{"level":30,"time":1652213136730,"pid":91,"hostname":"3d22d102d76d","msg":"Mapped {/users/:id, DELETE} route"}
{"level":30,"time":1652213136730,"pid":91,"hostname":"3d22d102d76d","msg":"Mapped {/users/:id, PUT} route"}
{"level":30,"time":1652213136730,"pid":91,"hostname":"3d22d102d76d","msg":"AuthController {/}:"}
{"level":30,"time":1652213136731,"pid":91,"hostname":"3d22d102d76d","msg":"Mapped {/signin, POST} route"}
{"level":30,"time":1652213136732,"pid":91,"hostname":"3d22d102d76d","msg":"Mapped {/signup, POST} route"}
{"level":30,"time":1652213136732,"pid":91,"hostname":"3d22d102d76d","msg":"BoardsController {/boards}:"}
{"level":30,"time":1652213136733,"pid":91,"hostname":"3d22d102d76d","msg":"Mapped {/boards, GET} route"}
{"level":30,"time":1652213136734,"pid":91,"hostname":"3d22d102d76d","msg":"Mapped {/boards/:id, GET} route"}
{"level":30,"time":1652213136734,"pid":91,"hostname":"3d22d102d76d","msg":"Mapped {/boards, POST} route"}
{"level":30,"time":1652213136735,"pid":91,"hostname":"3d22d102d76d","msg":"Mapped {/boards/:id, DELETE} route"}
{"level":30,"time":1652213136735,"pid":91,"hostname":"3d22d102d76d","msg":"Mapped {/boards/:id, PUT} route"}
{"level":30,"time":1652213136735,"pid":91,"hostname":"3d22d102d76d","msg":"ColumnsController {/boards/:boardId/columns}:"}
{"level":30,"time":1652213136736,"pid":91,"hostname":"3d22d102d76d","msg":"Mapped {/boards/:boardId/columns, GET} route"}
{"level":30,"time":1652213136736,"pid":91,"hostname":"3d22d102d76d","msg":"Mapped {/boards/:boardId/columns/:columnId, GET} route"}
{"level":30,"time":1652213136736,"pid":91,"hostname":"3d22d102d76d","msg":"Mapped {/boards/:boardId/columns, POST} route"}
{"level":30,"time":1652213136736,"pid":91,"hostname":"3d22d102d76d","msg":"Mapped {/boards/:boardId/columns/:columnId, DELETE} route"}
{"level":30,"time":1652213136737,"pid":91,"hostname":"3d22d102d76d","msg":"Mapped {/boards/:boardId/columns/:columnId, PUT} route"}
{"level":30,"time":1652213136737,"pid":91,"hostname":"3d22d102d76d","msg":"TasksController {/boards/:boardId/columns/:columnId/tasks}:"}
{"level":30,"time":1652213136737,"pid":91,"hostname":"3d22d102d76d","msg":"Mapped {/boards/:boardId/columns/:columnId/tasks, GET} route"}
{"level":30,"time":1652213136738,"pid":91,"hostname":"3d22d102d76d","msg":"Mapped {/boards/:boardId/columns/:columnId/tasks/:taskId, GET} route"}
{"level":30,"time":1652213136738,"pid":91,"hostname":"3d22d102d76d","msg":"Mapped {/boards/:boardId/columns/:columnId/tasks, POST} route"}
{"level":30,"time":1652213136738,"pid":91,"hostname":"3d22d102d76d","msg":"Mapped {/boards/:boardId/columns/:columnId/tasks/:taskId, DELETE} route"}
{"level":30,"time":1652213136739,"pid":91,"hostname":"3d22d102d76d","msg":"Mapped {/boards/:boardId/columns/:columnId/tasks/:taskId, PUT} route"}
{"level":30,"time":1652213136739,"pid":91,"hostname":"3d22d102d76d","msg":"FileController {/}:"}
{"level":30,"time":1652213136739,"pid":91,"hostname":"3d22d102d76d","msg":"Mapped {/file, POST} route"}
{"level":30,"time":1652213136740,"pid":91,"hostname":"3d22d102d76d","msg":"Mapped {/file/:taskid/:filename, GET} route"}
{"level":30,"time":1652213136742,"pid":91,"hostname":"3d22d102d76d","msg":"Nest application successfully started"}
{"level":30,"time":1652213138145,"pid":91,"hostname":"3d22d102d76d","method":"GET","url":"/","query":{},"body":null,"statusCode":200,"responseTime":"1ms"}
{"level":30,"time":1652213142448,"pid":104,"hostname":"3d22d102d76d","msg":"AppController {/}:"}
{"level":30,"time":1652213142451,"pid":104,"hostname":"3d22d102d76d","msg":"Mapped {/, GET} route"}
{"level":30,"time":1652213142451,"pid":104,"hostname":"3d22d102d76d","msg":"UsersController {/users}:"}
{"level":30,"time":1652213142452,"pid":104,"hostname":"3d22d102d76d","msg":"Mapped {/users, GET} route"}
{"level":30,"time":1652213142453,"pid":104,"hostname":"3d22d102d76d","msg":"Mapped {/users/:id, GET} route"}
{"level":30,"time":1652213142453,"pid":104,"hostname":"3d22d102d76d","msg":"Mapped {/users/:id, DELETE} route"}
{"level":30,"time":1652213142454,"pid":104,"hostname":"3d22d102d76d","msg":"Mapped {/users/:id, PUT} route"}
{"level":30,"time":1652213142454,"pid":104,"hostname":"3d22d102d76d","msg":"AuthController {/}:"}
{"level":30,"time":1652213142455,"pid":104,"hostname":"3d22d102d76d","msg":"Mapped {/signin, POST} route"}
{"level":30,"time":1652213142455,"pid":104,"hostname":"3d22d102d76d","msg":"Mapped {/signup, POST} route"}
{"level":30,"time":1652213142455,"pid":104,"hostname":"3d22d102d76d","msg":"BoardsController {/boards}:"}
{"level":30,"time":1652213142456,"pid":104,"hostname":"3d22d102d76d","msg":"Mapped {/boards, GET} route"}
{"level":30,"time":1652213142457,"pid":104,"hostname":"3d22d102d76d","msg":"Mapped {/boards/:id, GET} route"}
{"level":30,"time":1652213142458,"pid":104,"hostname":"3d22d102d76d","msg":"Mapped {/boards, POST} route"}
{"level":30,"time":1652213142458,"pid":104,"hostname":"3d22d102d76d","msg":"Mapped {/boards/:id, DELETE} route"}
{"level":30,"time":1652213142459,"pid":104,"hostname":"3d22d102d76d","msg":"Mapped {/boards/:id, PUT} route"}
{"level":30,"time":1652213142459,"pid":104,"hostname":"3d22d102d76d","msg":"ColumnsController {/boards/:boardId/columns}:"}
{"level":30,"time":1652213142459,"pid":104,"hostname":"3d22d102d76d","msg":"Mapped {/boards/:boardId/columns, GET} route"}
{"level":30,"time":1652213142459,"pid":104,"hostname":"3d22d102d76d","msg":"Mapped {/boards/:boardId/columns/:columnId, GET} route"}
{"level":30,"time":1652213142460,"pid":104,"hostname":"3d22d102d76d","msg":"Mapped {/boards/:boardId/columns, POST} route"}
{"level":30,"time":1652213142460,"pid":104,"hostname":"3d22d102d76d","msg":"Mapped {/boards/:boardId/columns/:columnId, DELETE} route"}
{"level":30,"time":1652213142460,"pid":104,"hostname":"3d22d102d76d","msg":"Mapped {/boards/:boardId/columns/:columnId, PUT} route"}
{"level":30,"time":1652213142460,"pid":104,"hostname":"3d22d102d76d","msg":"TasksController {/boards/:boardId/columns/:columnId/tasks}:"}
{"level":30,"time":1652213142461,"pid":104,"hostname":"3d22d102d76d","msg":"Mapped {/boards/:boardId/columns/:columnId/tasks, GET} route"}
{"level":30,"time":1652213142461,"pid":104,"hostname":"3d22d102d76d","msg":"Mapped {/boards/:boardId/columns/:columnId/tasks/:taskId, GET} route"}
{"level":30,"time":1652213142461,"pid":104,"hostname":"3d22d102d76d","msg":"Mapped {/boards/:boardId/columns/:columnId/tasks, POST} route"}
{"level":30,"time":1652213142462,"pid":104,"hostname":"3d22d102d76d","msg":"Mapped {/boards/:boardId/columns/:columnId/tasks/:taskId, DELETE} route"}
{"level":30,"time":1652213142462,"pid":104,"hostname":"3d22d102d76d","msg":"Mapped {/boards/:boardId/columns/:columnId/tasks/:taskId, PUT} route"}
{"level":30,"time":1652213142462,"pid":104,"hostname":"3d22d102d76d","msg":"FileController {/}:"}
{"level":30,"time":1652213142463,"pid":104,"hostname":"3d22d102d76d","msg":"Mapped {/file, POST} route"}
{"level":30,"time":1652213142463,"pid":104,"hostname":"3d22d102d76d","msg":"Mapped {/file/:taskid/:filename, GET} route"}
{"level":30,"time":1652213142465,"pid":104,"hostname":"3d22d102d76d","msg":"Nest application successfully started"}
{"level":30,"time":1652213143330,"pid":104,"hostname":"3d22d102d76d","method":"GET","url":"/","query":{},"body":null,"statusCode":200,"responseTime":"0ms"}
{"level":30,"time":1652213144138,"pid":104,"hostname":"3d22d102d76d","method":"GET","url":"/","query":{},"body":null,"statusCode":200,"responseTime":"0ms"}
{"level":30,"time":1652213147763,"pid":117,"hostname":"3d22d102d76d","msg":"AppController {/}:"}
{"level":30,"time":1652213147766,"pid":117,"hostname":"3d22d102d76d","msg":"Mapped {/, GET} route"}
{"level":30,"time":1652213147766,"pid":117,"hostname":"3d22d102d76d","msg":"UsersController {/users}:"}
{"level":30,"time":1652213147767,"pid":117,"hostname":"3d22d102d76d","msg":"Mapped {/users, GET} route"}
{"level":30,"time":1652213147768,"pid":117,"hostname":"3d22d102d76d","msg":"Mapped {/users/:id, GET} route"}
{"level":30,"time":1652213147768,"pid":117,"hostname":"3d22d102d76d","msg":"Mapped {/users/:id, DELETE} route"}
{"level":30,"time":1652213147769,"pid":117,"hostname":"3d22d102d76d","msg":"Mapped {/users/:id, PUT} route"}
{"level":30,"time":1652213147769,"pid":117,"hostname":"3d22d102d76d","msg":"AuthController {/}:"}
{"level":30,"time":1652213147770,"pid":117,"hostname":"3d22d102d76d","msg":"Mapped {/signin, POST} route"}
{"level":30,"time":1652213147770,"pid":117,"hostname":"3d22d102d76d","msg":"Mapped {/signup, POST} route"}
{"level":30,"time":1652213147770,"pid":117,"hostname":"3d22d102d76d","msg":"BoardsController {/boards}:"}
{"level":30,"time":1652213147771,"pid":117,"hostname":"3d22d102d76d","msg":"Mapped {/boards, GET} route"}
{"level":30,"time":1652213147772,"pid":117,"hostname":"3d22d102d76d","msg":"Mapped {/boards/:id, GET} route"}
{"level":30,"time":1652213147773,"pid":117,"hostname":"3d22d102d76d","msg":"Mapped {/boards, POST} route"}
{"level":30,"time":1652213147773,"pid":117,"hostname":"3d22d102d76d","msg":"Mapped {/boards/:id, DELETE} route"}
{"level":30,"time":1652213147773,"pid":117,"hostname":"3d22d102d76d","msg":"Mapped {/boards/:id, PUT} route"}
{"level":30,"time":1652213147773,"pid":117,"hostname":"3d22d102d76d","msg":"ColumnsController {/boards/:boardId/columns}:"}
{"level":30,"time":1652213147774,"pid":117,"hostname":"3d22d102d76d","msg":"Mapped {/boards/:boardId/columns, GET} route"}
{"level":30,"time":1652213147774,"pid":117,"hostname":"3d22d102d76d","msg":"Mapped {/boards/:boardId/columns/:columnId, GET} route"}
{"level":30,"time":1652213147775,"pid":117,"hostname":"3d22d102d76d","msg":"Mapped {/boards/:boardId/columns, POST} route"}
{"level":30,"time":1652213147775,"pid":117,"hostname":"3d22d102d76d","msg":"Mapped {/boards/:boardId/columns/:columnId, DELETE} route"}
{"level":30,"time":1652213147775,"pid":117,"hostname":"3d22d102d76d","msg":"Mapped {/boards/:boardId/columns/:columnId, PUT} route"}
{"level":30,"time":1652213147775,"pid":117,"hostname":"3d22d102d76d","msg":"TasksController {/boards/:boardId/columns/:columnId/tasks}:"}
{"level":30,"time":1652213147776,"pid":117,"hostname":"3d22d102d76d","msg":"Mapped {/boards/:boardId/columns/:columnId/tasks, GET} route"}
{"level":30,"time":1652213147776,"pid":117,"hostname":"3d22d102d76d","msg":"Mapped {/boards/:boardId/columns/:columnId/tasks/:taskId, GET} route"}
{"level":30,"time":1652213147776,"pid":117,"hostname":"3d22d102d76d","msg":"Mapped {/boards/:boardId/columns/:columnId/tasks, POST} route"}
{"level":30,"time":1652213147777,"pid":117,"hostname":"3d22d102d76d","msg":"Mapped {/boards/:boardId/columns/:columnId/tasks/:taskId, DELETE} route"}
{"level":30,"time":1652213147777,"pid":117,"hostname":"3d22d102d76d","msg":"Mapped {/boards/:boardId/columns/:columnId/tasks/:taskId, PUT} route"}
{"level":30,"time":1652213147777,"pid":117,"hostname":"3d22d102d76d","msg":"FileController {/}:"}
{"level":30,"time":1652213147778,"pid":117,"hostname":"3d22d102d76d","msg":"Mapped {/file, POST} route"}
{"level":30,"time":1652213147778,"pid":117,"hostname":"3d22d102d76d","msg":"Mapped {/file/:taskid/:filename, GET} route"}
{"level":30,"time":1652213147780,"pid":117,"hostname":"3d22d102d76d","msg":"Nest application successfully started"}
{"level":30,"time":1652213149111,"pid":117,"hostname":"3d22d102d76d","method":"GET","url":"/","query":{},"body":null,"statusCode":200,"responseTime":"1ms"}
{"level":30,"time":1652213158785,"pid":130,"hostname":"3d22d102d76d","msg":"AppController {/}:"}
{"level":30,"time":1652213158787,"pid":130,"hostname":"3d22d102d76d","msg":"Mapped {/, GET} route"}
{"level":30,"time":1652213158787,"pid":130,"hostname":"3d22d102d76d","msg":"UsersController {/users}:"}
{"level":30,"time":1652213158788,"pid":130,"hostname":"3d22d102d76d","msg":"Mapped {/users, GET} route"}
{"level":30,"time":1652213158789,"pid":130,"hostname":"3d22d102d76d","msg":"Mapped {/users/:id, GET} route"}
{"level":30,"time":1652213158789,"pid":130,"hostname":"3d22d102d76d","msg":"Mapped {/users/:id, DELETE} route"}
{"level":30,"time":1652213158790,"pid":130,"hostname":"3d22d102d76d","msg":"Mapped {/users/:id, PUT} route"}
{"level":30,"time":1652213158790,"pid":130,"hostname":"3d22d102d76d","msg":"AuthController {/}:"}
{"level":30,"time":1652213158790,"pid":130,"hostname":"3d22d102d76d","msg":"Mapped {/signin, POST} route"}
{"level":30,"time":1652213158791,"pid":130,"hostname":"3d22d102d76d","msg":"Mapped {/signup, POST} route"}
{"level":30,"time":1652213158791,"pid":130,"hostname":"3d22d102d76d","msg":"BoardsController {/boards}:"}
{"level":30,"time":1652213158792,"pid":130,"hostname":"3d22d102d76d","msg":"Mapped {/boards, GET} route"}
{"level":30,"time":1652213158793,"pid":130,"hostname":"3d22d102d76d","msg":"Mapped {/boards/:id, GET} route"}
{"level":30,"time":1652213158794,"pid":130,"hostname":"3d22d102d76d","msg":"Mapped {/boards, POST} route"}
{"level":30,"time":1652213158794,"pid":130,"hostname":"3d22d102d76d","msg":"Mapped {/boards/:id, DELETE} route"}
{"level":30,"time":1652213158795,"pid":130,"hostname":"3d22d102d76d","msg":"Mapped {/boards/:id, PUT} route"}
{"level":30,"time":1652213158795,"pid":130,"hostname":"3d22d102d76d","msg":"ColumnsController {/boards/:boardId/columns}:"}
{"level":30,"time":1652213158795,"pid":130,"hostname":"3d22d102d76d","msg":"Mapped {/boards/:boardId/columns, GET} route"}
{"level":30,"time":1652213158795,"pid":130,"hostname":"3d22d102d76d","msg":"Mapped {/boards/:boardId/columns/:columnId, GET} route"}
{"level":30,"time":1652213158796,"pid":130,"hostname":"3d22d102d76d","msg":"Mapped {/boards/:boardId/columns, POST} route"}
{"level":30,"time":1652213158796,"pid":130,"hostname":"3d22d102d76d","msg":"Mapped {/boards/:boardId/columns/:columnId, DELETE} route"}
{"level":30,"time":1652213158797,"pid":130,"hostname":"3d22d102d76d","msg":"Mapped {/boards/:boardId/columns/:columnId, PUT} route"}
{"level":30,"time":1652213158797,"pid":130,"hostname":"3d22d102d76d","msg":"TasksController {/boards/:boardId/columns/:columnId/tasks}:"}
{"level":30,"time":1652213158797,"pid":130,"hostname":"3d22d102d76d","msg":"Mapped {/boards/:boardId/columns/:columnId/tasks, GET} route"}
{"level":30,"time":1652213158797,"pid":130,"hostname":"3d22d102d76d","msg":"Mapped {/boards/:boardId/columns/:columnId/tasks/:taskId, GET} route"}
{"level":30,"time":1652213158798,"pid":130,"hostname":"3d22d102d76d","msg":"Mapped {/boards/:boardId/columns/:columnId/tasks, POST} route"}
{"level":30,"time":1652213158798,"pid":130,"hostname":"3d22d102d76d","msg":"Mapped {/boards/:boardId/columns/:columnId/tasks/:taskId, DELETE} route"}
{"level":30,"time":1652213158798,"pid":130,"hostname":"3d22d102d76d","msg":"Mapped {/boards/:boardId/columns/:columnId/tasks/:taskId, PUT} route"}
{"level":30,"time":1652213158798,"pid":130,"hostname":"3d22d102d76d","msg":"FileController {/}:"}
{"level":30,"time":1652213158799,"pid":130,"hostname":"3d22d102d76d","msg":"Mapped {/file, POST} route"}
{"level":30,"time":1652213158799,"pid":130,"hostname":"3d22d102d76d","msg":"Mapped {/file/:taskid/:filename, GET} route"}
{"level":30,"time":1652213158801,"pid":130,"hostname":"3d22d102d76d","msg":"Nest application successfully started"}
{"level":30,"time":1652213159291,"pid":130,"hostname":"3d22d102d76d","method":"GET","url":"/","query":{},"body":null,"statusCode":200,"responseTime":"1ms"}
